----------------------------
Yedekleme Başlatıldı: Mon Apr 20 20:43:55 +03 2026
Veritabanı: dvdrental, Port: 5433
BAŞARILI: /Users/elifpolat/Desktop/BLM4522-Projects/Project-7/step-3-cron-automation/backups/dvdrental_2026-04-20_20-43-55.dump
Bitiş Zamanı: Mon Apr 20 20:43:55 +03 2026
----------------------------
Yedekleme Başlatıldı: Mon Apr 20 21:14:02 +03 2026
Veritabanı: dvdrental, Port: 5433
BAŞARILI: /Users/elifpolat/Desktop/BLM4522-Projects/Project-7/step-3-cron-automation/backups/dvdrental_2026-04-20_21-14-02.dump
Bitiş Zamanı: Mon Apr 20 21:14:02 +03 2026
----------------------------
Yedekleme Başlatıldı: Mon Apr 20 21:19:00 +03 2026
Veritabanı: dvdrental, Port: 5433
BAŞARILI: /Users/elifpolat/Desktop/BLM4522-Projects/Project-7/step-3-cron-automation/backups/dvdrental_2026-04-20_21-19-00.dump
Bitiş Zamanı: Mon Apr 20 21:19:05 +03 2026
----------------------------
Yedekleme Başlatıldı: Mon Apr 20 21:20:00 +03 2026
Veritabanı: dvdrental, Port: 5433
BAŞARILI: /Users/elifpolat/Desktop/BLM4522-Projects/Project-7/step-3-cron-automation/backups/dvdrental_2026-04-20_21-20-00.dump
Bitiş Zamanı: Mon Apr 20 21:20:01 +03 2026
